Error reading string: behavior_1
Error reading string: behavior_1
Error reading string: behavior_1
Error reading string: behavior_1
Error reading string: behavior_1
Error reading string: behavior_1
Error reading string: behavior_1
Error reading string: behavior_1
Error reading string: behavior_1
Error reading string: behavior_1
Error reading string: behavior_1
Error reading string: behavior_1
Error reading string: behavior_1
Error reading string: behavior_1
Error reading string: behavior_1
Error reading string: behavior_1
Error reading string: behavior_1
Error reading string: behavior_1
Error reading string: behavior_1
Error reading string: behavior_1
Error reading string: behavior_1
Error reading string: behavior_1
Error reading string: behavior_1
Error reading string: behavior_1
Error reading string: behavior_1
Error reading string: behavior_1
Error reading string: behavior_1
Error reading string: object_27
Error reading string: behavior_1
Error reading float: maxVelocity
Error reading float: idleRadius
Error reading float: pushForce
Error reading float: dirVariation
Error reading float: pushVariation
Error reading string: behavior_1
Error reading float: maxVelocity
Error reading float: idleRadius
Error reading float: pushForce
Error reading float: dirVariation
Error reading float: pushVariation
Error reading string: behavior_1
Error reading float: maxVelocity
Error reading float: idleRadius
Error reading float: pushForce
Error reading float: dirVariation
Error reading float: pushVariation
Error reading string: behavior_1
Error reading float: maxVelocity
Error reading float: idleRadius
Error reading float: pushForce
Error reading float: dirVariation
Error reading float: pushVariation
Error reading string: behavior_1
Error reading float: maxVelocity
Error reading float: idleRadius
Error reading float: pushForce
Error reading float: dirVariation
Error reading float: pushVariation
Error reading string: behavior_1
Error reading float: maxVelocity
Error reading float: idleRadius
Error reading float: pushForce
Error reading float: dirVariation
Error reading float: pushVariation
Error reading string: behavior_1
Error reading float: maxVelocity
Error reading float: idleRadius
Error reading float: pushForce
Error reading float: dirVariation
Error reading float: pushVariation
Error reading string: behavior_1
Error reading float: maxVelocity
Error reading float: idleRadius
Error reading float: pushForce
Error reading float: dirVariation
Error reading float: pushVariation
Error reading string: behavior_1
Error reading float: maxVelocity
Error reading float: idleRadius
Error reading float: pushForce
Error reading float: dirVariation
Error reading float: pushVariation
Error reading string: behavior_1
Error reading float: maxVelocity
Error reading float: idleRadius
Error reading float: pushForce
Error reading float: dirVariation
Error reading float: pushVariation
Error reading string: object_10
